13-03-56:create:304
13-04-05:AUTO:304
13-04-05:setNowTemp:304,30,29
13-04-15:AUTO:304
13-04-15:setNowTemp:304,29,28
13-04-22:disconnect:304
13-05-24:create:304
13-05-33:disconnect:304
13-06-31:create:304
13-06-35:disconnect:304
13-08-23:create:304
13-08-29:disconnect:304
13-10-30:create:304
13-10-40:AUTO:304
13-10-40:setNowTemp:304,30,29
13-10-58:create:304
13-11-08:AUTO:304
13-11-08:setNowTemp:304,30,29
13-11-08:on:304
13-12-03:blowing:304,1
13-12-04:blowing:304,1
13-12-05:blowing:304,1
13-12-06:blowing:304,1
13-12-07:blowing:304,1
13-12-08:blowing:304,1
13-12-09:blowing:304,1
13-12-10:blowing:304,1
13-12-11:blowing:304,1
13-12-12:blowing:304,1
13-12-13:blowing:304,1
13-12-14:blowing:304,1
13-12-15:blowing:304,1
13-12-16:blowing:304,1
13-12-17:blowing:304,1
13-12-18:blowing:304,1
13-12-19:blowing:304,1
13-12-20:blowing:304,1
13-12-21:blowing:304,1
13-12-22:blowing:304,1
13-12-23:blowing:304,1
13-12-24:blowing:304,1
13-12-25:blowing:304,1
13-12-26:blowing:304,1
13-12-27:blowing:304,1
13-12-27:BLOWING:304
13-12-27:setNowTemp:304,29,28
13-12-28:blowing:304,1
13-12-29:blowing:304,1
13-12-30:blowing:304,1
13-12-31:blowing:304,1
13-12-32:blowing:304,1
13-12-33:blowing:304,1
13-12-34:blowing:304,1
13-12-35:blowing:304,1
13-12-36:blowing:304,1
13-12-37:blowing:304,1
13-12-38:blowing:304,1
13-12-39:blowing:304,1
13-12-40:blowing:304,1
13-12-41:blowing:304,1
13-12-50:create:304
13-13-00:AUTO:304
13-13-00:setNowTemp:304,30,29
13-13-10:AUTO:304
13-13-10:setNowTemp:304,29,28
13-13-20:AUTO:304
13-13-20:setNowTemp:304,28,27
13-13-24:on:304
13-13-24:blowing:304,1
13-13-25:blowing:304,1
13-13-26:blowing:304,1
13-13-27:blowing:304,1
13-13-28:blowing:304,1
13-13-29:blowing:304,1
13-13-30:blowing:304,1
13-13-31:blowing:304,1
13-13-32:blowing:304,1
13-13-33:blowing:304,1
13-13-34:blowing:304,1
13-13-35:blowing:304,1
13-13-36:blowing:304,1
13-13-37:blowing:304,1
13-13-38:blowing:304,1
13-13-39:blowing:304,1
13-13-40:blowing:304,1
13-13-41:blowing:304,1
13-13-42:blowing:304,1
13-13-43:blowing:304,1
13-13-44:blowing:304,1
13-13-45:blowing:304,1
13-13-45:BLOWING:304
13-13-45:setNowTemp:304,27,26
13-13-46:blowing:304,1
13-13-47:blowing:304,1
13-13-48:blowing:304,1
13-13-49:blowing:304,1
13-13-50:blowing:304,1
13-13-51:blowing:304,1
13-13-52:blowing:304,1
13-13-53:blowing:304,1
13-13-54:blowing:304,1
13-13-55:blowing:304,1
13-13-56:blowing:304,1
13-13-57:blowing:304,1
13-13-58:blowing:304,1
13-13-59:blowing:304,1
13-14-00:blowing:304,1
13-14-01:blowing:304,1
13-14-02:blowing:304,1
13-14-03:blowing:304,1
13-14-04:blowing:304,1
13-14-05:blowing:304,1
13-14-06:blowing:304,1
13-14-07:blowing:304,1
13-14-08:blowing:304,1
13-14-09:blowing:304,1
13-14-10:blowing:304,1
13-14-10:BLOWING:304
13-14-10:setNowTemp:304,26,25
13-14-11:blowing:304,1
13-14-12:blowing:304,1
13-14-13:blowing:304,1
13-14-14:blowing:304,1
13-14-15:blowing:304,1
13-14-16:blowing:304,1
13-14-17:blowing:304,1
13-14-18:blowing:304,1
13-14-19:blowing:304,1
13-14-20:blowing:304,1
13-14-21:blowing:304,1
13-14-22:blowing:304,1
13-14-23:blowing:304,1
13-14-24:blowing:304,1
13-14-25:blowing:304,1
13-14-26:blowing:304,1
13-14-27:blowing:304,1
13-14-28:blowing:304,1
13-14-29:blowing:304,1
13-14-30:blowing:304,1
13-14-31:blowing:304,1
13-14-32:blowing:304,1
13-14-33:blowing:304,1
13-14-34:blowing:304,1
13-14-35:blowing:304,1
13-14-35:BLOWING:304
13-14-35:setNowTemp:304,25,24
13-14-36:blowing:304,1
13-14-37:blowing:304,1
13-14-38:blowing:304,1
13-14-39:blowing:304,1
13-14-40:blowing:304,1
13-14-41:blowing:304,1
13-14-42:blowing:304,1
13-14-43:blowing:304,1
13-14-44:blowing:304,1
13-14-45:blowing:304,1
13-14-46:blowing:304,1
13-14-47:blowing:304,1
13-14-48:blowing:304,1
13-14-49:blowing:304,1
13-14-50:blowing:304,1
13-14-51:blowing:304,1
13-14-52:blowing:304,1
13-14-53:blowing:304,1
13-14-54:blowing:304,1
13-14-55:blowing:304,1
13-14-56:blowing:304,1
13-14-57:blowing:304,1
13-14-58:blowing:304,1
13-14-59:blowing:304,1
13-15-00:blowing:304,1
13-15-00:BLOWING:304
13-15-00:setNowTemp:304,24,23
13-15-01:blowing:304,1
13-15-02:blowing:304,1
13-15-03:blowing:304,1
13-15-04:blowing:304,1
13-15-05:blowing:304,1
13-15-06:blowing:304,1
13-15-07:blowing:304,1
13-15-08:blowing:304,1
13-15-09:blowing:304,1
13-15-10:blowing:304,1
13-15-11:blowing:304,1
13-15-12:blowing:304,1
13-15-13:blowing:304,1
13-15-14:blowing:304,1
13-15-15:blowing:304,1
13-15-16:blowing:304,1
13-15-17:blowing:304,1
13-15-18:blowing:304,1
13-15-19:blowing:304,1
13-15-20:blowing:304,1
13-15-21:blowing:304,1
13-15-22:blowing:304,1
13-15-23:blowing:304,1
13-15-24:blowing:304,1
13-15-25:blowing:304,1
13-15-25:BLOWING:304
13-15-25:setNowTemp:304,23,22
13-15-26:blowing:304,1
13-15-27:blowing:304,1
13-15-28:blowing:304,1
13-15-29:blowing:304,1
13-15-30:blowing:304,1
13-15-31:blowing:304,1
13-15-32:blowing:304,1
13-15-34:blowing:304,1
13-15-35:blowing:304,1
13-15-36:blowing:304,1
13-15-37:blowing:304,1
13-15-38:blowing:304,1
13-15-39:blowing:304,1
13-15-40:blowing:304,1
13-15-41:blowing:304,1
13-15-42:blowing:304,1
13-15-43:blowing:304,1
13-15-44:blowing:304,1
13-15-45:blowing:304,1
13-15-46:blowing:304,1
13-15-47:blowing:304,1
13-15-48:blowing:304,1
13-15-49:blowing:304,1
13-15-50:blowing:304,1
13-15-51:blowing:304,1
13-15-51:BLOWING:304
13-15-51:setNowTemp:304,22,21
13-15-52:blowing:304,1
13-15-53:blowing:304,1
13-15-54:blowing:304,1
13-15-55:blowing:304,1
13-15-56:blowing:304,1
13-15-57:blowing:304,1
13-15-58:blowing:304,1
13-15-59:blowing:304,1
13-16-00:blowing:304,1
13-16-01:blowing:304,1
13-16-02:blowing:304,1
13-16-03:blowing:304,1
13-16-04:blowing:304,1
13-16-05:blowing:304,1
13-16-06:blowing:304,1
13-16-07:blowing:304,1
13-16-08:blowing:304,1
13-16-09:blowing:304,1
13-16-10:blowing:304,1
13-16-11:blowing:304,1
13-16-12:blowing:304,1
13-16-13:blowing:304,1
13-16-14:blowing:304,1
13-16-15:blowing:304,1
13-16-16:blowing:304,1
13-16-16:BLOWING:304
13-16-16:setNowTemp:304,21,20
13-16-26:AUTO:304
13-16-26:setNowTemp:304,20,21
13-16-27:blowing:304,1
13-16-28:blowing:304,1
13-16-29:blowing:304,1
13-16-30:blowing:304,1
13-16-31:blowing:304,1
13-16-32:blowing:304,1
13-16-39:create:304
13-16-48:on:304
14-17-29:create:306
14-17-31:on:306
14-20-25:create:306
14-20-35:AUTO:306
14-20-35:setNowTemp:306,30,29
14-20-45:AUTO:306
14-20-45:setNowTemp:306,29,28
14-20-55:AUTO:306
14-20-55:setNowTemp:306,28,27
14-21-02:on:306
14-21-03:blowing:306,1
14-21-04:blowing:306,1
14-21-05:blowing:306,1
14-21-06:blowing:306,1
14-21-07:blowing:306,1
14-21-08:blowing:306,1
14-21-09:blowing:306,1
14-21-10:blowing:306,1
14-21-11:blowing:306,1
14-21-12:blowing:306,1
14-21-13:blowing:306,1
14-21-14:blowing:306,1
14-21-15:blowing:306,1
14-21-16:blowing:306,1
14-21-17:blowing:306,1
14-21-18:blowing:306,1
14-21-19:blowing:306,1
14-21-20:blowing:306,1
14-21-20:BLOWING:306
14-21-20:setNowTemp:306,27,26
14-21-21:blowing:306,1
14-21-22:blowing:306,1
14-21-23:blowing:306,1
14-21-24:blowing:306,1
14-21-25:blowing:306,1
14-21-26:blowing:306,1
14-21-27:blowing:306,1
14-21-28:blowing:306,1
14-21-29:blowing:306,1
14-21-30:blowing:306,1
14-21-31:blowing:306,1
14-21-32:blowing:306,1
14-21-33:blowing:306,1
14-21-34:blowing:306,1
14-21-35:blowing:306,1
14-21-36:blowing:306,1
14-21-37:blowing:306,1
14-21-38:blowing:306,1
14-21-39:blowing:306,1
14-21-40:blowing:306,1
14-21-41:blowing:306,1
14-21-42:blowing:306,1
14-21-43:blowing:306,1
14-21-44:blowing:306,1
14-21-45:blowing:306,1
14-21-45:BLOWING:306
14-21-45:setNowTemp:306,26,25
14-21-46:blowing:306,1
14-21-47:blowing:306,1
14-21-48:blowing:306,1
14-21-49:blowing:306,1
14-21-50:blowing:306,1
14-21-51:blowing:306,1
14-21-52:blowing:306,1
14-21-53:blowing:306,1
14-21-54:blowing:306,1
14-21-55:blowing:306,1
14-21-56:blowing:306,1
14-21-57:blowing:306,1
14-21-58:blowing:306,1
14-21-59:blowing:306,1
14-22-00:blowing:306,1
14-22-01:blowing:306,1
14-22-02:blowing:306,1
14-22-03:blowing:306,1
14-22-04:blowing:306,1
14-22-05:blowing:306,1
14-22-06:blowing:306,1
14-22-07:blowing:306,1
14-22-08:blowing:306,1
14-22-09:blowing:306,1
14-22-10:blowing:306,1
14-22-10:BLOWING:306
14-22-10:setNowTemp:306,25,24
14-22-11:blowing:306,1
14-22-12:blowing:306,1
14-22-13:blowing:306,1
14-22-14:blowing:306,1
14-22-15:blowing:306,1
14-22-16:blowing:306,1
14-22-17:blowing:306,1
14-22-18:blowing:306,1
14-22-19:blowing:306,1
14-22-20:blowing:306,1
14-22-21:blowing:306,1
14-22-22:blowing:306,1
14-22-23:blowing:306,1
14-22-24:blowing:306,1
14-22-25:blowing:306,1
14-22-26:blowing:306,1
14-22-27:blowing:306,1
14-22-28:blowing:306,1
14-22-29:blowing:306,1
14-22-30:blowing:306,1
14-22-31:blowing:306,1
14-22-32:blowing:306,1
14-22-33:blowing:306,1
14-22-34:blowing:306,1
14-22-35:blowing:306,1
14-22-35:BLOWING:306
14-22-35:setNowTemp:306,24,23
14-22-36:blowing:306,1
14-22-37:blowing:306,1
