15-54-05:create:304
15-54-14:AUTO:304
15-54-14:setNowTemp:304,30,29
15-54-24:setSpeed:304,1,3
15-54-26:setSpeed:304,3,2
15-54-27:setSpeed:304,2,1
15-54-37:AUTO:304
15-54-37:setNowTemp:304,29,28
15-54-47:AUTO:304
15-54-47:setNowTemp:304,28,27
15-54-57:AUTO:304
15-54-57:setNowTemp:304,27,26
15-55-07:AUTO:304
15-55-07:setNowTemp:304,26,25
15-55-17:AUTO:304
15-55-18:AUTO:304
15-55-19:AUTO:304
15-55-20:AUTO:304
15-55-21:AUTO:304
15-55-22:AUTO:304
15-55-23:AUTO:304
15-55-24:AUTO:304
15-55-25:AUTO:304
15-55-26:AUTO:304
15-55-27:AUTO:304
15-55-28:AUTO:304
15-55-29:AUTO:304
15-55-30:AUTO:304
15-55-31:AUTO:304
15-55-32:AUTO:304
15-55-33:AUTO:304
15-55-34:AUTO:304
15-55-35:AUTO:304
15-55-36:AUTO:304
15-55-37:AUTO:304
15-55-38:AUTO:304
15-55-39:AUTO:304
15-55-40:AUTO:304
15-55-41:AUTO:304
15-55-42:AUTO:304
15-55-43:AUTO:304
15-55-44:AUTO:304
15-55-45:AUTO:304
15-55-46:AUTO:304
15-55-47:AUTO:304
15-55-48:AUTO:304
15-55-49:AUTO:304
15-55-50:AUTO:304
15-55-51:AUTO:304
15-55-52:AUTO:304
15-55-53:AUTO:304
15-55-54:AUTO:304
15-55-55:AUTO:304
15-55-56:AUTO:304
15-55-57:AUTO:304
15-55-58:AUTO:304
15-55-59:AUTO:304
15-56-00:AUTO:304
15-56-01:AUTO:304
15-56-02:AUTO:304
15-56-03:AUTO:304
15-56-04:AUTO:304
15-56-05:AUTO:304
15-56-06:AUTO:304
15-56-07:AUTO:304
15-56-08:AUTO:304
15-56-09:AUTO:304
15-56-10:AUTO:304
15-56-11:AUTO:304
15-56-12:AUTO:304
15-56-13:AUTO:304
15-56-14:AUTO:304
15-56-15:AUTO:304
15-56-16:AUTO:304
15-56-17:AUTO:304
15-56-18:AUTO:304
15-56-19:AUTO:304
15-56-20:AUTO:304
15-56-21:AUTO:304
15-56-22:AUTO:304
15-56-23:AUTO:304
15-56-24:AUTO:304
15-56-25:AUTO:304
15-56-26:AUTO:304
15-56-27:AUTO:304
15-56-28:AUTO:304
15-56-29:AUTO:304
15-56-30:AUTO:304
15-56-31:AUTO:304
15-56-32:AUTO:304
15-56-33:AUTO:304
15-56-34:AUTO:304
15-56-35:AUTO:304
15-56-36:AUTO:304
15-56-37:AUTO:304
15-56-38:AUTO:304
15-56-39:AUTO:304
15-56-40:AUTO:304
15-56-41:AUTO:304
15-56-42:AUTO:304
15-56-43:AUTO:304
15-56-44:AUTO:304
15-56-45:AUTO:304
15-56-46:AUTO:304
15-56-47:AUTO:304
15-56-48:AUTO:304
15-56-49:AUTO:304
15-56-50:AUTO:304
15-56-51:AUTO:304
15-56-52:AUTO:304
15-56-53:AUTO:304
15-56-54:AUTO:304
15-56-55:AUTO:304
15-56-56:AUTO:304
15-56-57:AUTO:304
15-56-58:AUTO:304
15-56-59:AUTO:304
15-57-00:AUTO:304
15-57-01:AUTO:304
15-57-02:AUTO:304
15-57-03:AUTO:304
15-57-04:AUTO:304
15-57-05:AUTO:304
15-57-06:AUTO:304
15-57-07:AUTO:304
15-57-08:AUTO:304
15-57-09:AUTO:304
15-57-10:AUTO:304
15-57-11:AUTO:304
15-57-12:AUTO:304
15-57-13:AUTO:304
15-57-14:AUTO:304
15-57-15:AUTO:304
15-57-16:AUTO:304
15-57-17:AUTO:304
15-57-18:AUTO:304
15-57-19:AUTO:304
15-57-20:AUTO:304
15-57-21:AUTO:304
15-57-22:AUTO:304
15-57-23:AUTO:304
15-57-24:AUTO:304
15-57-25:AUTO:304
15-57-26:AUTO:304
15-57-27:AUTO:304
15-57-28:AUTO:304
15-57-29:AUTO:304
15-57-30:AUTO:304
15-57-31:AUTO:304
15-57-32:AUTO:304
15-57-33:AUTO:304
15-57-34:AUTO:304
15-57-35:AUTO:304
15-57-36:AUTO:304
15-57-37:AUTO:304
15-57-38:AUTO:304
15-57-39:AUTO:304
15-57-40:AUTO:304
15-57-41:AUTO:304
15-57-42:AUTO:304
15-57-43:AUTO:304
15-57-44:AUTO:304
15-57-45:AUTO:304
15-57-46:AUTO:304
15-57-47:AUTO:304
15-57-48:AUTO:304
15-57-49:AUTO:304
15-57-50:AUTO:304
15-57-51:AUTO:304
15-57-52:AUTO:304
15-57-53:AUTO:304
15-57-54:AUTO:304
15-57-55:AUTO:304
15-57-56:AUTO:304
15-57-57:AUTO:304
15-57-58:AUTO:304
15-57-59:AUTO:304
15-58-00:AUTO:304
15-58-01:AUTO:304
15-58-02:AUTO:304
15-58-03:AUTO:304
15-58-04:AUTO:304
15-58-05:AUTO:304
15-58-06:AUTO:304
15-58-07:AUTO:304
15-58-08:AUTO:304
15-58-09:AUTO:304
15-58-10:AUTO:304
15-58-11:AUTO:304
15-58-12:AUTO:304
15-58-13:AUTO:304
15-58-14:AUTO:304
15-58-15:AUTO:304
15-58-16:AUTO:304
15-58-17:setTargetTemp:304,25,25
15-58-17:AUTO:304
15-58-18:AUTO:304
15-58-19:AUTO:304
15-58-20:AUTO:304
15-58-21:AUTO:304
15-58-22:AUTO:304
15-58-23:AUTO:304
15-58-24:on:304
15-58-24:AUTO:304
15-58-25:AUTO:304
15-58-26:off:304
15-58-29:setSpeed:304,1,2
15-58-30:setSpeed:304,2,3
15-58-31:setSpeed:304,3,1
15-58-33:setTargetTemp:304,20,20
15-58-37:setTargetTemp:304,25,25
15-58-40:disconnect:304
16-10-09:create:304
16-10-19:AUTO:304
16-10-19:setNowTemp:304,30,29
16-10-29:AUTO:304
16-10-29:setNowTemp:304,29,28
16-10-33:setSpeed:304,1,3
16-10-42:AUTO:304
16-10-42:setNowTemp:304,28,27
16-10-52:AUTO:304
16-10-52:setNowTemp:304,27,26
16-11-02:AUTO:304
16-11-02:setNowTemp:304,26,25
16-11-12:AUTO:304
16-11-13:AUTO:304
16-11-14:AUTO:304
16-11-15:AUTO:304
16-11-16:AUTO:304
16-11-17:AUTO:304
16-11-18:AUTO:304
16-11-19:AUTO:304
16-11-20:AUTO:304
16-11-21:AUTO:304
16-11-22:AUTO:304
16-11-23:AUTO:304
16-11-24:AUTO:304
16-11-25:AUTO:304
16-11-26:AUTO:304
16-11-27:AUTO:304
16-11-28:AUTO:304
16-11-29:AUTO:304
16-11-30:AUTO:304
16-11-31:AUTO:304
16-11-32:AUTO:304
16-11-33:AUTO:304
16-11-34:AUTO:304
16-11-35:AUTO:304
16-11-36:AUTO:304
16-11-37:AUTO:304
16-11-38:AUTO:304
16-11-39:AUTO:304
16-11-40:setTargetTemp:304,25,25
16-11-40:AUTO:304
16-11-41:AUTO:304
16-11-42:AUTO:304
16-11-43:AUTO:304
16-11-44:AUTO:304
16-11-45:AUTO:304
16-11-46:AUTO:304
16-11-47:AUTO:304
16-11-48:AUTO:304
16-11-49:AUTO:304
16-11-50:AUTO:304
16-11-51:AUTO:304
16-11-52:AUTO:304
16-11-53:AUTO:304
16-11-54:AUTO:304
16-11-55:AUTO:304
