15-55-02:create:304
15-55-08:setTargetTemp:304,25,25
15-55-11:AUTO:304
15-55-11:setNowTemp:304,30,29
15-55-21:AUTO:304
15-55-21:setNowTemp:304,29,28
15-55-22:setTargetTemp:304,24,24
15-55-31:AUTO:304
15-55-31:setNowTemp:304,28,27
15-55-41:AUTO:304
15-55-41:setNowTemp:304,27,26
15-55-51:AUTO:304
15-55-51:setNowTemp:304,26,25
15-56-01:AUTO:304
15-56-02:AUTO:304
15-56-03:AUTO:304
15-56-04:AUTO:304
15-56-05:AUTO:304
15-56-06:AUTO:304
15-56-07:AUTO:304
15-56-08:AUTO:304
15-56-09:AUTO:304
15-56-10:AUTO:304
15-56-11:AUTO:304
15-56-12:AUTO:304
15-56-13:AUTO:304
15-56-14:AUTO:304
15-56-15:AUTO:304
15-56-16:AUTO:304
15-56-17:AUTO:304
15-56-18:AUTO:304
15-56-19:AUTO:304
15-56-20:AUTO:304
15-56-21:AUTO:304
15-56-23:AUTO:304
15-56-24:AUTO:304
15-56-25:AUTO:304
15-56-26:AUTO:304
15-56-27:AUTO:304
15-56-28:AUTO:304
15-56-29:AUTO:304
15-56-30:AUTO:304
15-56-31:AUTO:304
15-56-32:AUTO:304
15-56-33:AUTO:304
15-56-34:AUTO:304
15-56-35:AUTO:304
15-56-36:AUTO:304
15-56-37:AUTO:304
15-56-38:AUTO:304
15-56-39:AUTO:304
15-56-40:AUTO:304
15-56-41:AUTO:304
15-56-42:AUTO:304
15-56-43:AUTO:304
15-56-44:AUTO:304
15-56-45:AUTO:304
15-56-46:AUTO:304
15-56-47:AUTO:304
15-56-48:AUTO:304
15-56-49:AUTO:304
15-56-50:AUTO:304
15-56-51:AUTO:304
15-56-52:AUTO:304
15-56-53:AUTO:304
15-56-54:AUTO:304
15-56-55:AUTO:304
15-56-56:AUTO:304
15-56-57:AUTO:304
15-56-58:AUTO:304
15-56-59:AUTO:304
15-57-00:AUTO:304
15-57-01:AUTO:304
15-57-02:AUTO:304
15-57-03:AUTO:304
15-57-04:AUTO:304
15-57-05:AUTO:304
15-57-06:AUTO:304
15-57-07:AUTO:304
15-57-08:AUTO:304
15-57-09:AUTO:304
15-57-10:AUTO:304
15-57-11:AUTO:304
15-57-12:AUTO:304
15-57-13:AUTO:304
15-57-14:AUTO:304
15-57-15:AUTO:304
15-57-16:AUTO:304
15-57-17:AUTO:304
15-57-18:AUTO:304
15-57-19:AUTO:304
15-57-20:AUTO:304
15-57-21:AUTO:304
15-57-22:AUTO:304
15-57-23:AUTO:304
15-57-24:AUTO:304
15-57-25:AUTO:304
15-57-26:AUTO:304
15-57-27:AUTO:304
15-57-28:AUTO:304
15-57-29:AUTO:304
15-57-30:AUTO:304
15-57-31:AUTO:304
15-57-32:AUTO:304
15-57-33:AUTO:304
15-57-34:AUTO:304
15-57-35:AUTO:304
15-57-36:AUTO:304
15-57-37:AUTO:304
15-57-38:AUTO:304
15-57-39:AUTO:304
15-57-40:AUTO:304
15-57-41:AUTO:304
15-57-42:AUTO:304
15-57-43:AUTO:304
15-57-44:AUTO:304
15-57-45:AUTO:304
15-57-46:AUTO:304
15-57-47:AUTO:304
15-57-48:AUTO:304
15-57-49:AUTO:304
15-57-50:AUTO:304
15-57-51:AUTO:304
15-57-52:AUTO:304
15-57-53:AUTO:304
15-57-54:AUTO:304
15-57-55:AUTO:304
15-57-56:AUTO:304
15-57-57:AUTO:304
15-57-58:AUTO:304
15-57-59:AUTO:304
15-58-00:AUTO:304
15-58-01:AUTO:304
15-58-02:AUTO:304
15-58-03:AUTO:304
15-58-04:AUTO:304
15-58-05:AUTO:304
15-58-06:AUTO:304
15-58-07:AUTO:304
15-58-08:AUTO:304
15-58-09:AUTO:304
15-58-10:AUTO:304
15-58-11:AUTO:304
15-58-12:AUTO:304
15-58-13:AUTO:304
15-58-14:AUTO:304
15-58-15:AUTO:304
15-58-16:AUTO:304
15-58-17:AUTO:304
15-58-18:AUTO:304
15-58-19:AUTO:304
15-58-20:AUTO:304
15-58-21:AUTO:304
15-58-22:AUTO:304
15-58-23:AUTO:304
15-58-24:AUTO:304
15-58-25:AUTO:304
15-58-26:AUTO:304
15-58-27:AUTO:304
15-58-28:AUTO:304
15-58-29:AUTO:304
15-58-30:AUTO:304
15-58-31:AUTO:304
15-58-32:AUTO:304
15-58-33:AUTO:304
15-58-34:AUTO:304
15-58-35:AUTO:304
15-58-36:AUTO:304
15-58-37:AUTO:304
15-58-38:AUTO:304
15-58-39:AUTO:304
15-58-40:AUTO:304
15-58-41:AUTO:304
15-58-42:AUTO:304
15-58-43:AUTO:304
15-58-44:AUTO:304
15-58-45:AUTO:304
15-58-46:AUTO:304
15-58-47:AUTO:304
15-58-48:AUTO:304
15-58-49:AUTO:304
15-58-50:AUTO:304
15-58-51:AUTO:304
15-58-52:AUTO:304
15-58-53:AUTO:304
15-58-54:AUTO:304
15-58-55:AUTO:304
15-58-56:AUTO:304
15-58-57:AUTO:304
15-58-58:AUTO:304
15-58-59:AUTO:304
15-59-00:AUTO:304
15-59-01:AUTO:304
15-59-02:AUTO:304
15-59-03:AUTO:304
15-59-04:AUTO:304
15-59-05:AUTO:304
15-59-06:AUTO:304
15-59-07:AUTO:304
15-59-08:AUTO:304
15-59-09:AUTO:304
15-59-10:AUTO:304
15-59-11:AUTO:304
15-59-12:AUTO:304
15-59-13:AUTO:304
15-59-14:AUTO:304
15-59-15:AUTO:304
15-59-16:AUTO:304
15-59-17:AUTO:304
15-59-18:AUTO:304
15-59-19:AUTO:304
15-59-20:AUTO:304
15-59-21:AUTO:304
15-59-22:AUTO:304
15-59-23:AUTO:304
15-59-24:AUTO:304
15-59-25:AUTO:304
15-59-26:AUTO:304
15-59-27:AUTO:304
15-59-28:AUTO:304
15-59-29:AUTO:304
15-59-30:AUTO:304
15-59-31:AUTO:304
15-59-32:AUTO:304
15-59-33:AUTO:304
15-59-34:AUTO:304
15-59-35:AUTO:304
15-59-36:AUTO:304
15-59-37:AUTO:304
15-59-38:AUTO:304
15-59-39:AUTO:304
15-59-40:AUTO:304
15-59-41:AUTO:304
15-59-42:AUTO:304
15-59-43:AUTO:304
15-59-44:AUTO:304
15-59-45:AUTO:304
15-59-46:AUTO:304
15-59-47:AUTO:304
15-59-48:AUTO:304
15-59-49:AUTO:304
15-59-50:AUTO:304
15-59-51:AUTO:304
15-59-52:AUTO:304
15-59-53:AUTO:304
15-59-54:AUTO:304
15-59-55:AUTO:304
15-59-56:AUTO:304
15-59-57:AUTO:304
15-59-58:AUTO:304
15-59-59:AUTO:304
16-00-00:AUTO:304
16-00-01:AUTO:304
16-00-02:AUTO:304
16-00-03:AUTO:304
16-00-04:AUTO:304
16-00-05:AUTO:304
16-00-06:AUTO:304
16-00-07:AUTO:304
16-00-08:AUTO:304
16-00-09:AUTO:304
16-00-10:AUTO:304
16-00-11:AUTO:304
16-00-12:AUTO:304
16-00-13:AUTO:304
16-00-14:AUTO:304
16-00-15:AUTO:304
16-00-16:AUTO:304
16-00-17:AUTO:304
16-00-18:AUTO:304
16-00-19:AUTO:304
16-00-20:AUTO:304
16-00-21:AUTO:304
16-00-22:AUTO:304
16-00-23:AUTO:304
16-00-24:AUTO:304
16-00-25:AUTO:304
16-00-26:AUTO:304
16-00-27:AUTO:304
16-00-28:AUTO:304
16-00-29:AUTO:304
16-00-30:AUTO:304
16-00-31:AUTO:304
16-00-32:AUTO:304
16-00-33:AUTO:304
16-00-34:AUTO:304
16-00-35:AUTO:304
16-00-36:AUTO:304
16-00-37:AUTO:304
16-00-38:AUTO:304
16-00-39:AUTO:304
16-00-40:AUTO:304
16-00-41:AUTO:304
16-00-42:AUTO:304
16-00-43:AUTO:304
16-00-44:AUTO:304
16-00-45:AUTO:304
16-00-46:AUTO:304
16-00-47:AUTO:304
16-00-48:AUTO:304
16-00-49:AUTO:304
16-00-50:AUTO:304
16-00-51:AUTO:304
16-00-52:AUTO:304
16-00-53:AUTO:304
16-00-54:AUTO:304
16-00-55:AUTO:304
16-00-56:AUTO:304
16-00-57:AUTO:304
16-00-58:AUTO:304
16-00-59:AUTO:304
16-01-00:AUTO:304
16-01-01:AUTO:304
16-01-02:AUTO:304
16-01-03:AUTO:304
16-01-04:AUTO:304
16-01-05:AUTO:304
16-01-06:AUTO:304
16-01-07:AUTO:304
16-01-08:AUTO:304
16-01-09:AUTO:304
16-01-10:AUTO:304
16-01-11:AUTO:304
16-01-12:AUTO:304
16-01-13:AUTO:304
16-01-14:AUTO:304
16-01-15:AUTO:304
16-01-16:AUTO:304
16-01-17:AUTO:304
16-01-18:AUTO:304
16-01-19:AUTO:304
16-01-20:AUTO:304
16-01-21:AUTO:304
16-01-22:AUTO:304
16-01-23:AUTO:304
16-01-24:AUTO:304
16-01-25:AUTO:304
16-01-26:AUTO:304
16-01-27:AUTO:304
16-01-28:AUTO:304
16-01-29:AUTO:304
16-01-30:AUTO:304
16-01-31:AUTO:304
16-01-33:AUTO:304
16-01-34:AUTO:304
16-01-35:AUTO:304
16-01-36:AUTO:304
16-01-37:AUTO:304
16-01-38:AUTO:304
16-01-39:AUTO:304
16-01-40:AUTO:304
16-01-41:AUTO:304
16-01-42:AUTO:304
16-01-43:AUTO:304
16-01-44:AUTO:304
16-01-45:AUTO:304
16-01-46:AUTO:304
16-01-47:AUTO:304
16-01-48:AUTO:304
16-01-49:AUTO:304
16-01-50:AUTO:304
16-01-51:AUTO:304
16-01-52:AUTO:304
16-01-53:AUTO:304
16-01-54:AUTO:304
16-01-55:AUTO:304
16-01-56:AUTO:304
16-01-57:AUTO:304
16-01-58:AUTO:304
16-01-59:AUTO:304
16-02-00:AUTO:304
16-02-01:AUTO:304
16-02-02:AUTO:304
16-02-03:AUTO:304
16-02-04:AUTO:304
16-02-05:AUTO:304
16-02-06:AUTO:304
16-02-07:AUTO:304
16-02-08:AUTO:304
16-02-09:AUTO:304
16-02-10:AUTO:304
16-02-11:AUTO:304
16-02-12:AUTO:304
16-02-13:AUTO:304
16-02-14:AUTO:304
16-02-15:AUTO:304
16-02-16:AUTO:304
16-02-17:AUTO:304
16-02-18:AUTO:304
16-02-19:AUTO:304
16-02-20:AUTO:304
16-02-21:AUTO:304
16-02-22:AUTO:304
16-02-23:AUTO:304
16-02-24:AUTO:304
16-02-25:AUTO:304
16-02-26:AUTO:304
16-02-27:AUTO:304
16-02-39:create:304
16-02-49:setTargetTemp:304,25,25
16-02-49:AUTO:304
16-02-49:setNowTemp:304,30,29
16-02-59:AUTO:304
16-02-59:setNowTemp:304,29,28
16-03-09:AUTO:304
16-03-09:setNowTemp:304,28,27
16-03-19:AUTO:304
16-03-19:setNowTemp:304,27,26
16-03-29:AUTO:304
16-03-29:setNowTemp:304,26,25
16-03-39:AUTO:304
16-03-40:AUTO:304
16-03-41:AUTO:304
16-03-42:AUTO:304
16-03-43:AUTO:304
16-03-44:AUTO:304
16-03-45:AUTO:304
16-03-46:AUTO:304
16-03-47:AUTO:304
16-03-48:AUTO:304
16-03-49:AUTO:304
16-03-50:AUTO:304
16-03-51:AUTO:304
16-03-52:AUTO:304
16-03-53:AUTO:304
16-03-54:AUTO:304
16-03-55:AUTO:304
16-03-56:AUTO:304
16-03-57:AUTO:304
16-03-58:AUTO:304
16-03-59:AUTO:304
16-04-00:AUTO:304
16-04-01:AUTO:304
16-04-02:AUTO:304
16-04-03:AUTO:304
16-04-04:AUTO:304
16-04-05:AUTO:304
16-04-06:AUTO:304
16-04-07:AUTO:304
16-04-08:AUTO:304
16-04-09:AUTO:304
16-04-10:AUTO:304
16-04-11:AUTO:304
16-04-12:AUTO:304
16-04-13:AUTO:304
16-04-14:AUTO:304
16-04-15:AUTO:304
16-04-16:AUTO:304
16-04-17:AUTO:304
16-04-18:AUTO:304
16-04-19:AUTO:304
16-04-20:AUTO:304
16-04-21:AUTO:304
16-04-22:AUTO:304
16-04-23:AUTO:304
16-04-24:AUTO:304
16-04-25:AUTO:304
16-04-26:AUTO:304
16-04-27:AUTO:304
16-04-28:AUTO:304
16-04-29:AUTO:304
16-04-30:AUTO:304
16-04-31:AUTO:304
16-04-32:AUTO:304
16-04-33:AUTO:304
16-04-34:AUTO:304
16-04-35:AUTO:304
16-04-36:AUTO:304
16-04-37:AUTO:304
16-04-38:AUTO:304
16-04-39:AUTO:304
16-04-40:AUTO:304
16-04-41:AUTO:304
16-04-42:AUTO:304
16-04-43:AUTO:304
16-04-44:AUTO:304
16-04-45:AUTO:304
16-04-46:AUTO:304
16-04-47:AUTO:304
16-04-48:AUTO:304
16-04-49:AUTO:304
16-04-50:AUTO:304
16-04-51:AUTO:304
16-04-52:AUTO:304
16-04-53:AUTO:304
16-04-54:AUTO:304
16-04-55:AUTO:304
16-04-56:AUTO:304
16-04-57:AUTO:304
16-04-58:AUTO:304
16-04-59:AUTO:304
16-05-00:AUTO:304
16-05-01:AUTO:304
16-05-02:AUTO:304
16-05-03:AUTO:304
16-05-04:AUTO:304
16-05-05:AUTO:304
16-05-06:AUTO:304
16-05-07:AUTO:304
16-05-08:AUTO:304
16-05-09:AUTO:304
16-05-10:AUTO:304
16-05-11:AUTO:304
16-05-12:AUTO:304
16-05-13:AUTO:304
16-05-14:AUTO:304
16-05-15:AUTO:304
16-05-16:AUTO:304
16-05-17:AUTO:304
16-05-18:AUTO:304
16-05-19:AUTO:304
16-05-20:AUTO:304
16-05-21:AUTO:304
16-05-22:AUTO:304
16-05-23:AUTO:304
16-05-24:AUTO:304
16-05-25:AUTO:304
16-05-26:AUTO:304
16-05-27:AUTO:304
16-05-28:AUTO:304
16-05-29:AUTO:304
16-05-30:AUTO:304
16-05-31:AUTO:304
16-05-32:AUTO:304
16-05-33:AUTO:304
16-05-34:AUTO:304
16-05-35:AUTO:304
16-05-36:AUTO:304
16-05-37:AUTO:304
16-05-38:AUTO:304
16-05-39:AUTO:304
16-05-40:AUTO:304
16-05-41:AUTO:304
16-05-42:AUTO:304
16-05-43:AUTO:304
16-05-44:AUTO:304
16-05-45:AUTO:304
16-05-46:AUTO:304
16-05-47:AUTO:304
16-05-48:AUTO:304
16-05-49:AUTO:304
16-05-50:AUTO:304
16-05-51:AUTO:304
16-05-52:AUTO:304
16-05-53:AUTO:304
16-05-54:AUTO:304
16-05-55:AUTO:304
16-05-56:AUTO:304
16-05-57:AUTO:304
16-05-58:AUTO:304
16-05-59:AUTO:304
16-06-00:AUTO:304
16-06-01:AUTO:304
16-06-02:AUTO:304
16-06-03:AUTO:304
16-06-04:AUTO:304
16-06-05:AUTO:304
16-06-06:AUTO:304
16-06-07:AUTO:304
16-06-08:AUTO:304
16-06-09:AUTO:304
16-06-10:AUTO:304
16-06-11:AUTO:304
16-06-12:AUTO:304
16-06-13:AUTO:304
16-06-14:AUTO:304
16-06-15:AUTO:304
16-06-16:AUTO:304
16-06-17:AUTO:304
16-06-18:AUTO:304
16-06-19:AUTO:304
16-06-20:AUTO:304
16-06-21:AUTO:304
16-06-22:AUTO:304
16-06-23:AUTO:304
16-06-24:AUTO:304
16-06-25:AUTO:304
16-06-26:AUTO:304
16-06-27:AUTO:304
16-06-28:AUTO:304
16-06-29:AUTO:304
16-06-30:AUTO:304
16-06-31:AUTO:304
16-06-32:AUTO:304
16-06-33:AUTO:304
16-06-34:AUTO:304
16-06-35:AUTO:304
16-06-36:AUTO:304
16-06-37:AUTO:304
16-06-38:AUTO:304
16-06-39:AUTO:304
16-06-40:AUTO:304
16-06-41:AUTO:304
16-06-42:AUTO:304
16-06-43:AUTO:304
16-06-44:AUTO:304
16-06-45:AUTO:304
16-06-46:AUTO:304
16-06-47:AUTO:304
16-06-48:AUTO:304
16-06-49:AUTO:304
16-06-50:AUTO:304
16-06-51:AUTO:304
16-06-52:AUTO:304
16-06-53:AUTO:304
16-06-54:AUTO:304
16-06-55:AUTO:304
16-06-56:AUTO:304
16-06-57:AUTO:304
16-06-58:AUTO:304
16-06-59:AUTO:304
16-07-00:AUTO:304
16-07-01:AUTO:304
16-07-02:AUTO:304
16-07-03:AUTO:304
16-07-04:AUTO:304
16-07-05:AUTO:304
16-07-06:AUTO:304
16-07-07:AUTO:304
16-07-30:create:304
16-07-40:AUTO:304
16-07-40:setNowTemp:304,30,29
16-07-50:AUTO:304
16-07-50:setNowTemp:304,29,28
16-08-00:AUTO:304
16-08-00:setNowTemp:304,28,27
16-08-10:AUTO:304
16-08-10:setNowTemp:304,27,26
16-08-20:AUTO:304
16-08-20:setNowTemp:304,26,25
16-08-27:disconnect:304
16-08-37:connect:304
16-08-45:AUTO:304
16-08-46:AUTO:304
16-08-47:AUTO:304
16-08-48:AUTO:304
16-08-49:AUTO:304
16-08-50:AUTO:304
16-08-51:AUTO:304
16-08-52:AUTO:304
16-08-53:AUTO:304
16-08-54:AUTO:304
16-08-55:AUTO:304
16-08-56:AUTO:304
16-08-57:AUTO:304
16-08-58:AUTO:304
16-08-59:AUTO:304
16-09-00:AUTO:304
16-09-01:AUTO:304
16-09-02:AUTO:304
16-09-03:AUTO:304
16-09-04:AUTO:304
16-09-05:AUTO:304
16-09-06:AUTO:304
16-09-07:AUTO:304
16-09-08:AUTO:304
16-09-09:AUTO:304
16-09-10:AUTO:304
16-09-11:AUTO:304
16-09-12:AUTO:304
16-09-13:AUTO:304
16-09-14:AUTO:304
16-09-15:AUTO:304
16-09-16:AUTO:304
16-09-17:AUTO:304
16-16-08:create:304
16-16-17:AUTO:304
16-16-17:setNowTemp:304,30,29
16-16-27:AUTO:304
16-16-27:setNowTemp:304,29,28
16-16-37:AUTO:304
16-16-37:setNowTemp:304,28,27
16-16-48:AUTO:304
16-16-48:setNowTemp:304,27,26
16-16-58:AUTO:304
16-16-58:setNowTemp:304,26,25
16-17-08:AUTO:304
16-17-09:AUTO:304
16-17-10:AUTO:304
16-17-11:AUTO:304
16-17-12:AUTO:304
16-17-13:AUTO:304
16-17-14:AUTO:304
16-17-15:AUTO:304
16-17-16:AUTO:304
16-17-17:AUTO:304
16-17-18:AUTO:304
16-17-19:AUTO:304
16-17-20:AUTO:304
16-17-21:AUTO:304
16-17-22:AUTO:304
16-17-23:AUTO:304
16-17-24:AUTO:304
16-17-25:AUTO:304
16-17-26:AUTO:304
16-17-27:AUTO:304
16-17-28:AUTO:304
16-17-29:AUTO:304
16-17-30:AUTO:304
16-17-31:AUTO:304
16-17-32:AUTO:304
16-17-33:AUTO:304
16-17-34:AUTO:304
16-17-35:AUTO:304
16-17-36:AUTO:304
16-17-37:AUTO:304
16-17-38:AUTO:304
16-17-39:AUTO:304
16-17-40:AUTO:304
16-17-41:AUTO:304
16-17-42:AUTO:304
16-17-43:AUTO:304
16-17-49:create:304
16-17-52:setMode:304,cool,warm
16-18-01:AUTO:304
16-18-01:setNowTemp:304,30,29
16-18-11:AUTO:304
16-18-11:setNowTemp:304,29,28
16-18-19:create:304
16-18-24:setMode:304,cool,warm
16-18-29:setTargetTemp:304,27,27
16-18-31:setTargetTemp:304,29,29
16-18-33:setTargetTemp:304,30,30
16-18-33:AUTO:304
16-18-33:setNowTemp:304,30,29
16-18-35:setTargetTemp:304,25,25
16-18-38:setTargetTemp:304,28,28
16-18-39:setTargetTemp:304,29,29
16-18-42:setTargetTemp:304,26,26
16-18-43:AUTO:304
16-18-43:setNowTemp:304,29,28
16-18-53:AUTO:304
16-18-53:setNowTemp:304,28,27
16-19-03:AUTO:304
16-19-03:setNowTemp:304,27,26
16-19-13:AUTO:304
16-19-13:setNowTemp:304,26,25
16-19-23:AUTO:304
16-19-24:AUTO:304
16-19-25:AUTO:304
16-19-27:AUTO:304
16-19-28:AUTO:304
16-19-29:AUTO:304
16-19-30:AUTO:304
16-19-31:AUTO:304
16-19-40:create:304
16-19-43:setMode:304,cool,warm
16-19-43:setTargetTemp:304,25,25
16-19-53:setMode:304,warm,cool
16-19-58:setTargetTemp:304,18,18
16-20-00:setMode:304,cool,warm
16-20-00:setTargetTemp:304,25,25
16-20-07:disconnect:304
16-23-34:create:304
16-23-38:setTargetTemp:304,25,25
16-23-44:AUTO:304
16-23-44:setNowTemp:304,30,29
16-23-54:AUTO:304
16-23-54:setNowTemp:304,29,28
16-23-57:setTargetTemp:304,18,18
16-23-59:setTargetTemp:304,22,22
16-24-01:setTargetTemp:304,25,25
16-24-04:AUTO:304
16-24-04:setNowTemp:304,28,27
16-24-07:setTargetTemp:304,24,24
16-24-10:setTargetTemp:304,25,25
16-24-14:AUTO:304
16-24-14:setNowTemp:304,27,26
16-24-24:AUTO:304
16-24-24:setNowTemp:304,26,25
16-24-34:AUTO:304
16-24-35:AUTO:304
16-24-36:disconnect:304
